<?xml version="1.0" encoding="UTF-8"?>
<testsuites name="Homepage_TS" time="69.959" tests="2" failures="0" errors="0">
   <testsuite name="Homepage_TS" tests="2" failures="0" errors="0" time="69.959" skipped="0" timestamp="30-01-2024T16:13:25" hostname="TIRUM - Tiru43" id="Test Suites/TS_Amazon/Homepage_TS">
      <properties>
         <property name="deviceName" value=""/>
         <property name="devicePlatform" value=""/>
         <property name="logFolder" value="C:\\Users\\TIRUM\\git\\SI-GuidedProject-705242-1704854759\\Reports\\20240130_161316\\TS_Amazon\\Homepage_TS\\20240130_161317"/>
         <property name="logFiles" value="C:\\Users\\TIRUM\\git\\SI-GuidedProject-705242-1704854759\\Reports\\20240130_161316\\TS_Amazon\\Homepage_TS\\20240130_161317\\execution0.log"/>
         <property name="attachments" value=""/>
         <property name="hostName" value="TIRUM - Tiru43"/>
         <property name="os" value="Windows 11 64bit"/>
         <property name="katalonVersion" value="9.1.0.212"/>
         <property name="browser" value="Firefox 122.0"/>
         <property name="hostAddress" value="192.168.0.101"/>
         <property name="sessionId" value="0e4ba41b-0ae3-4c69-8f32-c51651a84e2c"/>
         <property name="seleniumVersion" value="3.141.59"/>
         <property name="proxyInformation" value="ProxyInformation { proxyOption=NO_PROXY, proxyServerType=HTTP, username=, password=********, proxyServerAddress=, proxyServerPort=0, executionList=&quot;&quot;, isApplyToDesiredCapabilities=true }"/>
         <property name="platform" value="Windows 11"/>
      </properties>
      <testcase name="Test Cases/HOMEPAGE_TC/TC__002_Amazon_Username" time="33.808" classname="Test Cases/HOMEPAGE_TC/TC__002_Amazon_Username" status="PASSED">
         <system-out><![CDATA[30-01-2024T16:13:25 - [TEST_CASE][PASSED] - Test Cases/HOMEPAGE_TC/TC__002_Amazon_Username: Test Cases/HOMEPAGE_TC/TC__002_Amazon_Username

30-01-2024T16:13:26 - [TEST_STEP][PASSED] - callTestCase(findTestCase("DataDrivenTesting/DDT_Amazon_login_001"), ["USERNAME":"", "PASSWORD":""], STOP_ON_FAILURE): Call Test Case 'Test Cases/DataDrivenTesting/DDT_Amazon_login_001' successfully

30-01-2024T16:13:26 - [TEST_CASE][PASSED] - Test Cases/DataDrivenTesting/DDT_Amazon_login_001: Test Cases/DataDrivenTesting/DDT_Amazon_login_001

30-01-2024T16:13:26 - [TEST_STEP][PASSED] - openBrowser(""): Browser is opened with url: ''

30-01-2024T16:13:26 - [MESSAGE][INFO] - Starting 'Firefox' driver

30-01-2024T16:13:27 - [MESSAGE][INFO] - Action delay is set to 0 milliseconds

30-01-2024T16:13:36 - [MESSAGE][PASSED] - Browser is opened with url: ''

30-01-2024T16:13:36 - [TEST_STEP][PASSED] - navigateToUrl("https://www.amazon.com/"): Navigate to 'https://www.amazon.com/' successfully

30-01-2024T16:13:38 - [MESSAGE][PASSED] - Navigate to 'https://www.amazon.com/' successfully

30-01-2024T16:13:38 - [TEST_STEP][PASSED] - click(findTestObject("Object Repository/DDT_Amazon_Login_001_OR/Page_Amazon.com. Spend less. Smile more/span_Hello, sign in")): Object: 'Object Repository/DDT_Amazon_Login_001_OR/Page_Amazon.com. Spend less. Smile more/span_Hello, sign in' is clicked on

30-01-2024T16:13:42 - [MESSAGE][PASSED] - Object: 'Object Repository/DDT_Amazon_Login_001_OR/Page_Amazon.com. Spend less. Smile more/span_Hello, sign in' is clicked on

30-01-2024T16:13:42 - [TEST_STEP][PASSED] - setText(findTestObject("Object Repository/DDT_Amazon_Login_001_OR/Page_Amazon Sign-In/input_email"), "tirumala1643@gmail.com"): Text 'tirumala1643@gmail.com' is set on object 'Object Repository/DDT_Amazon_Login_001_OR/Page_Amazon Sign-In/input_email'

30-01-2024T16:13:44 - [MESSAGE][PASSED] - Text 'tirumala1643@gmail.com' is set on object 'Object Repository/DDT_Amazon_Login_001_OR/Page_Amazon Sign-In/input_email'

30-01-2024T16:13:44 - [TEST_STEP][PASSED] - click(findTestObject("Object Repository/DDT_Amazon_Login_001_OR/Page_Amazon Sign-In/inputcontinue")): Object: 'Object Repository/DDT_Amazon_Login_001_OR/Page_Amazon Sign-In/inputcontinue' is clicked on

30-01-2024T16:13:46 - [MESSAGE][PASSED] - Object: 'Object Repository/DDT_Amazon_Login_001_OR/Page_Amazon Sign-In/inputcontinue' is clicked on

30-01-2024T16:13:46 - [TEST_STEP][PASSED] - setEncryptedText(findTestObject("Object Repository/DDT_Amazon_Login_001_OR/Page_Amazon Sign-In/input_password"), "zJunTcfE+7qVant9yaEiCw=="): Text ****** has been set on object 'Object Repository/DDT_Amazon_Login_001_OR/Page_Amazon Sign-In/input_password'

30-01-2024T16:13:47 - [MESSAGE][PASSED] - Text ****** has been set on object 'Object Repository/DDT_Amazon_Login_001_OR/Page_Amazon Sign-In/input_password'

30-01-2024T16:13:47 - [TEST_STEP][PASSED] - click(findTestObject("Object Repository/DDT_Amazon_Login_001_OR/Page_Amazon Sign-In/inputsignInSubmit")): Object: 'Object Repository/DDT_Amazon_Login_001_OR/Page_Amazon Sign-In/inputsignInSubmit' is clicked on

30-01-2024T16:13:51 - [MESSAGE][PASSED] - Object: 'Object Repository/DDT_Amazon_Login_001_OR/Page_Amazon Sign-In/inputsignInSubmit' is clicked on

30-01-2024T16:13:51 - [MESSAGE][PASSED] - Call Test Case 'Test Cases/DataDrivenTesting/DDT_Amazon_login_001' successfully

30-01-2024T16:13:51 - [TEST_STEP][PASSED] - navigateToUrl("https://www.amazon.com/?ref_=nav_ya_signin"): Navigate to 'https://www.amazon.com/?ref_=nav_ya_signin' successfully

30-01-2024T16:13:53 - [MESSAGE][PASSED] - Navigate to 'https://www.amazon.com/?ref_=nav_ya_signin' successfully

30-01-2024T16:13:53 - [TEST_STEP][PASSED] - verifyElementVisible(findTestObject("Object Repository/HOMEPAGE_OR_TC__002/Page_Amazon.com. Spend less. Smile more/span_Hello, Gumma")): Object 'Object Repository/HOMEPAGE_OR_TC__002/Page_Amazon.com. Spend less. Smile more/span_Hello, Gumma' is visible

30-01-2024T16:13:55 - [MESSAGE][PASSED] - Object 'Object Repository/HOMEPAGE_OR_TC__002/Page_Amazon.com. Spend less. Smile more/span_Hello, Gumma' is visible

30-01-2024T16:13:55 - [TEST_STEP][PASSED] - verifyElementText(findTestObject("Object Repository/HOMEPAGE_OR_TC__002/Page_Amazon.com. Spend less. Smile more/span_Hello, Gumma"), "Hello, Gumma"): Actual text and expected text of test object 'Object Repository/HOMEPAGE_OR_TC__002/Page_Amazon.com. Spend less. Smile more/span_Hello, Gumma' are matched.

30-01-2024T16:13:55 - [MESSAGE][PASSED] - Actual text and expected text of test object 'Object Repository/HOMEPAGE_OR_TC__002/Page_Amazon.com. Spend less. Smile more/span_Hello, Gumma' are matched.

30-01-2024T16:13:55 - [TEST_STEP][PASSED] - closeBrowser(): Browser is closed

30-01-2024T16:13:59 - [MESSAGE][PASSED] - Browser is closed]]></system-out>
         <system-err><![CDATA[]]></system-err>
      </testcase>
      <testcase name="Test Cases/HOMEPAGE_TC/TC__001_HomePage" time="35.913" classname="Test Cases/HOMEPAGE_TC/TC__001_HomePage" status="PASSED">
         <system-out><![CDATA[30-01-2024T16:13:59 - [TEST_CASE][PASSED] - Test Cases/HOMEPAGE_TC/TC__001_HomePage: Test Cases/HOMEPAGE_TC/TC__001_HomePage

30-01-2024T16:13:59 - [TEST_STEP][PASSED] - callTestCase(findTestCase("DataDrivenTesting/DDT_Amazon_login_001"), ["USERNAME":"", "PASSWORD":""], STOP_ON_FAILURE): Call Test Case 'Test Cases/DataDrivenTesting/DDT_Amazon_login_001' successfully

30-01-2024T16:13:59 - [TEST_CASE][PASSED] - Test Cases/DataDrivenTesting/DDT_Amazon_login_001: Test Cases/DataDrivenTesting/DDT_Amazon_login_001

30-01-2024T16:13:59 - [TEST_STEP][PASSED] - openBrowser(""): Browser is opened with url: ''

30-01-2024T16:13:59 - [MESSAGE][INFO] - Starting 'Firefox' driver

30-01-2024T16:13:59 - [MESSAGE][INFO] - Action delay is set to 0 milliseconds

30-01-2024T16:14:05 - [MESSAGE][PASSED] - Browser is opened with url: ''

30-01-2024T16:14:05 - [TEST_STEP][PASSED] - navigateToUrl("https://www.amazon.com/"): Navigate to 'https://www.amazon.com/' successfully

30-01-2024T16:14:16 - [MESSAGE][PASSED] - Navigate to 'https://www.amazon.com/' successfully

30-01-2024T16:14:16 - [TEST_STEP][PASSED] - click(findTestObject("Object Repository/DDT_Amazon_Login_001_OR/Page_Amazon.com. Spend less. Smile more/span_Hello, sign in")): Object: 'Object Repository/DDT_Amazon_Login_001_OR/Page_Amazon.com. Spend less. Smile more/span_Hello, sign in' is clicked on

30-01-2024T16:14:18 - [MESSAGE][PASSED] - Object: 'Object Repository/DDT_Amazon_Login_001_OR/Page_Amazon.com. Spend less. Smile more/span_Hello, sign in' is clicked on

30-01-2024T16:14:18 - [TEST_STEP][PASSED] - setText(findTestObject("Object Repository/DDT_Amazon_Login_001_OR/Page_Amazon Sign-In/input_email"), "tirumala1643@gmail.com"): Text 'tirumala1643@gmail.com' is set on object 'Object Repository/DDT_Amazon_Login_001_OR/Page_Amazon Sign-In/input_email'

30-01-2024T16:14:20 - [MESSAGE][PASSED] - Text 'tirumala1643@gmail.com' is set on object 'Object Repository/DDT_Amazon_Login_001_OR/Page_Amazon Sign-In/input_email'

30-01-2024T16:14:20 - [TEST_STEP][PASSED] - click(findTestObject("Object Repository/DDT_Amazon_Login_001_OR/Page_Amazon Sign-In/inputcontinue")): Object: 'Object Repository/DDT_Amazon_Login_001_OR/Page_Amazon Sign-In/inputcontinue' is clicked on

30-01-2024T16:14:22 - [MESSAGE][PASSED] - Object: 'Object Repository/DDT_Amazon_Login_001_OR/Page_Amazon Sign-In/inputcontinue' is clicked on

30-01-2024T16:14:22 - [TEST_STEP][PASSED] - setEncryptedText(findTestObject("Object Repository/DDT_Amazon_Login_001_OR/Page_Amazon Sign-In/input_password"), "zJunTcfE+7qVant9yaEiCw=="): Text ****** has been set on object 'Object Repository/DDT_Amazon_Login_001_OR/Page_Amazon Sign-In/input_password'

30-01-2024T16:14:23 - [MESSAGE][PASSED] - Text ****** has been set on object 'Object Repository/DDT_Amazon_Login_001_OR/Page_Amazon Sign-In/input_password'

30-01-2024T16:14:23 - [TEST_STEP][PASSED] - click(findTestObject("Object Repository/DDT_Amazon_Login_001_OR/Page_Amazon Sign-In/inputsignInSubmit")): Object: 'Object Repository/DDT_Amazon_Login_001_OR/Page_Amazon Sign-In/inputsignInSubmit' is clicked on

30-01-2024T16:14:27 - [MESSAGE][PASSED] - Object: 'Object Repository/DDT_Amazon_Login_001_OR/Page_Amazon Sign-In/inputsignInSubmit' is clicked on

30-01-2024T16:14:27 - [MESSAGE][PASSED] - Call Test Case 'Test Cases/DataDrivenTesting/DDT_Amazon_login_001' successfully

30-01-2024T16:14:27 - [TEST_STEP][PASSED] - verifyElementPresent(findTestObject("Object Repository/Amazon_login_OR/Page_Amazon Sign-In/Page_Amazon.com. Spend less. Smile more/a_us"), 0): Object 'Object Repository/Amazon_login_OR/Page_Amazon Sign-In/Page_Amazon.com. Spend less. Smile more/a_us' is present

30-01-2024T16:14:27 - [MESSAGE][WARNING] - Timeout '0' is invalid. Using default page load timeout: '30'

30-01-2024T16:14:30 - [MESSAGE][PASSED] - Object 'Object Repository/Amazon_login_OR/Page_Amazon Sign-In/Page_Amazon.com. Spend less. Smile more/a_us' is present

30-01-2024T16:14:30 - [TEST_STEP][PASSED] - closeBrowser(): Browser is closed

30-01-2024T16:14:35 - [MESSAGE][PASSED] - Browser is closed]]></system-out>
         <system-err><![CDATA[]]></system-err>
      </testcase>
      <system-out><![CDATA[30-01-2024T16:13:25 - [TEST_SUITE][PASSED] - Homepage_TS: Test Cases/HOMEPAGE_TC/TC__001_HomePage]]></system-out>
      <system-err><![CDATA[]]></system-err>
   </testsuite>
</testsuites>
