<?xml version="1.0" encoding="UTF-8"?>
<testsuites name="TSC_Amazon_Login__001" time="38.212" tests="1" failures="0" errors="0">
   <testsuite name="TS_Amazon_login_001" tests="1" failures="0" errors="0" time="24.436" skipped="0" timestamp="30-01-2024T16:43:39" hostname="TIRUM - Tiru43" id="Test Suites/TS_Amazon/TS_Amazon_login_001">
      <properties>
         <property name="deviceName" value=""/>
         <property name="devicePlatform" value=""/>
         <property name="logFolder" value="C:\\Users\\TIRUM\\git\\SI-GuidedProject-705242-1704854759\\Reports\\20240130_164329\\TS_Amazon\\TS_Amazon_login_001\\20240130_164330"/>
         <property name="logFiles" value="C:\\Users\\TIRUM\\git\\SI-GuidedProject-705242-1704854759\\Reports\\20240130_164329\\TS_Amazon\\TS_Amazon_login_001\\20240130_164330\\execution0.log"/>
         <property name="attachments" value=""/>
         <property name="hostName" value="TIRUM - Tiru43"/>
         <property name="os" value="Windows 11 64bit"/>
         <property name="katalonVersion" value="9.1.0.212"/>
         <property name="browser" value="Chrome 120.0.0.0"/>
         <property name="hostAddress" value="192.168.0.101"/>
         <property name="sessionId" value="76c2b9d343eedefc3bd32409a9fef7c3"/>
         <property name="seleniumVersion" value="3.141.59"/>
         <property name="proxyInformation" value="ProxyInformation { proxyOption=NO_PROXY, proxyServerType=HTTP, username=, password=********, proxyServerAddress=, proxyServerPort=0, executionList=&quot;&quot;, isApplyToDesiredCapabilities=true }"/>
         <property name="platform" value="Windows 11"/>
      </properties>
      <testcase name="Test Cases/DataDrivenTesting/DDT_Amazon_login_001" time="24.19" classname="Test Cases/DataDrivenTesting/DDT_Amazon_login_001" status="PASSED">
         <system-out><![CDATA[30-01-2024T16:43:40 - [TEST_CASE][PASSED] - Test Cases/DataDrivenTesting/DDT_Amazon_login_001: Test Cases/DataDrivenTesting/DDT_Amazon_login_001

30-01-2024T16:43:40 - [TEST_STEP][PASSED] - openBrowser(""): Browser is opened with url: ''

30-01-2024T16:43:40 - [MESSAGE][INFO] - Starting 'Chrome' driver

30-01-2024T16:43:40 - [MESSAGE][INFO] - Action delay is set to 0 milliseconds

30-01-2024T16:43:43 - [MESSAGE][PASSED] - Browser is opened with url: ''

30-01-2024T16:43:43 - [TEST_STEP][PASSED] - navigateToUrl("https://www.amazon.com/"): Navigate to 'https://www.amazon.com/' successfully

30-01-2024T16:43:45 - [MESSAGE][PASSED] - Navigate to 'https://www.amazon.com/' successfully

30-01-2024T16:43:45 - [TEST_STEP][PASSED] - click(findTestObject("Object Repository/DDT_Amazon_Login_001_OR/Page_Amazon.com. Spend less. Smile more/span_Hello, sign in")): Object: 'Object Repository/DDT_Amazon_Login_001_OR/Page_Amazon.com. Spend less. Smile more/span_Hello, sign in' is clicked on

30-01-2024T16:43:58 - [MESSAGE][PASSED] - Object: 'Object Repository/DDT_Amazon_Login_001_OR/Page_Amazon.com. Spend less. Smile more/span_Hello, sign in' is clicked on

30-01-2024T16:43:58 - [TEST_STEP][PASSED] - setText(findTestObject("Object Repository/DDT_Amazon_Login_001_OR/Page_Amazon Sign-In/input_email"), "tirumala1643@gmail.com"): Text 'tirumala1643@gmail.com' is set on object 'Object Repository/DDT_Amazon_Login_001_OR/Page_Amazon Sign-In/input_email'

30-01-2024T16:44:00 - [MESSAGE][PASSED] - Text 'tirumala1643@gmail.com' is set on object 'Object Repository/DDT_Amazon_Login_001_OR/Page_Amazon Sign-In/input_email'

30-01-2024T16:44:00 - [TEST_STEP][PASSED] - click(findTestObject("Object Repository/DDT_Amazon_Login_001_OR/Page_Amazon Sign-In/inputcontinue")): Object: 'Object Repository/DDT_Amazon_Login_001_OR/Page_Amazon Sign-In/inputcontinue' is clicked on

30-01-2024T16:44:02 - [MESSAGE][PASSED] - Object: 'Object Repository/DDT_Amazon_Login_001_OR/Page_Amazon Sign-In/inputcontinue' is clicked on

30-01-2024T16:44:02 - [TEST_STEP][PASSED] - setEncryptedText(findTestObject("Object Repository/DDT_Amazon_Login_001_OR/Page_Amazon Sign-In/input_password"), "zJunTcfE+7qVant9yaEiCw=="): Text ****** has been set on object 'Object Repository/DDT_Amazon_Login_001_OR/Page_Amazon Sign-In/input_password'

30-01-2024T16:44:03 - [MESSAGE][PASSED] - Text ****** has been set on object 'Object Repository/DDT_Amazon_Login_001_OR/Page_Amazon Sign-In/input_password'

30-01-2024T16:44:03 - [TEST_STEP][PASSED] - click(findTestObject("Object Repository/DDT_Amazon_Login_001_OR/Page_Amazon Sign-In/inputsignInSubmit")): Object: 'Object Repository/DDT_Amazon_Login_001_OR/Page_Amazon Sign-In/inputsignInSubmit' is clicked on

30-01-2024T16:44:04 - [MESSAGE][PASSED] - Object: 'Object Repository/DDT_Amazon_Login_001_OR/Page_Amazon Sign-In/inputsignInSubmit' is clicked on]]></system-out>
         <system-err><![CDATA[]]></system-err>
      </testcase>
      <system-out><![CDATA[30-01-2024T16:43:39 - [TEST_SUITE][PASSED] - TS_Amazon_login_001: Test Cases/DataDrivenTesting/DDT_Amazon_login_001]]></system-out>
      <system-err><![CDATA[]]></system-err>
   </testsuite>
</testsuites>
